<?xml version="1.0" encoding="UTF-8"?>
<!-- Generated by org.testng.reporters.JUnitReportReporter -->
<testsuite hostname="DESKTOP-M454ERF" failures="0" tests="1" name="Sample2.Myp2Test" time="0.025" errors="0" timestamp="2023-05-30T17:31:18 GFT" skipped="0">
  <testcase classname="Sample2.Myp2Test" name="m4" time="0.025"/>
  <system-out/>
</testsuite> <!-- Sample2.Myp2Test -->
