<?xml version="1.0" encoding="UTF-8"?>
<!-- Generated by org.testng.reporters.JUnitReportReporter -->
<testsuite hostname="DESKTOP-M454ERF" failures="0" tests="1" name="sample1.Myp1test" time="0.025" errors="0" timestamp="2023-05-30T16:48:18 GFT" skipped="0">
  <testcase classname="sample1.Myp1test" name="m1" time="0.025"/>
  <system-out/>
</testsuite> <!-- sample1.Myp1test -->
